  test.cpp
C:\Users\User\OneDrive - Vilnius University\Pirma uzduotis\test\test.cpp(5,15): warning C4244: 'argument': conversion from 'time_t' to 'unsigned int', possible loss of data
test.obj : error LNK2019: unresolved external symbol "void __cdecl exists_test(class std::basic_string<char,struct std::char_traits<char>,class std::allocator<char> > const &)" (?exists_test@@YAXAEBV?$basic_string@DU?$char_traits@D@std@@V?$allocator@D@2@@std@@@Z) referenced in function main
test.obj : error LNK2019: unresolved external symbol "void __cdecl skaicius(int &)" (?skaicius@@YAXAEAH@Z) referenced in function main
test.obj : error LNK2019: unresolved external symbol "void __cdecl ivestisranka(class std::vector<struct studentas,class std::allocator<struct studentas> > &)" (?ivestisranka@@YAXAEAV?$vector@Ustudentas@@V?$allocator@Ustudentas@@@std@@@std@@@Z) referenced in function main
test.obj : error LNK2019: unresolved external symbol "void __cdecl ivestis(class std::vector<struct studentas,class std::allocator<struct studentas> > &)" (?ivestis@@YAXAEAV?$vector@Ustudentas@@V?$allocator@Ustudentas@@@std@@@std@@@Z) referenced in function main
test.obj : error LNK2019: unresolved external symbol "void __cdecl isvestis(class std::vector<struct studentas,class std::allocator<struct studentas> >)" (?isvestis@@YAXV?$vector@Ustudentas@@V?$allocator@Ustudentas@@@std@@@std@@@Z) referenced in function main
test.obj : error LNK2019: unresolved external symbol "void __cdecl failugeneracija(int)" (?failugeneracija@@YAXH@Z) referenced in function main
test.obj : error LNK2019: unresolved external symbol "void __cdecl greicioanalizevector(int)" (?greicioanalizevector@@YAXH@Z) referenced in function main
test.obj : error LNK2019: unresolved external symbol "void __cdecl greicioanalizelist(int)" (?greicioanalizelist@@YAXH@Z) referenced in function main
test.obj : error LNK2019: unresolved external symbol "void __cdecl greicioanalizedeque(int)" (?greicioanalizedeque@@YAXH@Z) referenced in function main
test.obj : error LNK2019: unresolved external symbol "void __cdecl greicioanalizevector2(int)" (?greicioanalizevector2@@YAXH@Z) referenced in function main
test.obj : error LNK2019: unresolved external symbol "void __cdecl greicioanalizelist2(int)" (?greicioanalizelist2@@YAXH@Z) referenced in function main
test.obj : error LNK2019: unresolved external symbol "void __cdecl greicioanalizedeque2(int)" (?greicioanalizedeque2@@YAXH@Z) referenced in function main
C:\Users\User\OneDrive - Vilnius University\Pirma uzduotis\x64\Debug\test.exe : fatal error LNK1120: 12 unresolved externals
